# JRE version: OpenJDK Runtime Environment (8.0_202-b03) (build 1.8.0_202-release-1483-b03)
# Java VM: OpenJDK 64-Bit Server VM (25.202-b03 mixed mode windows-amd64 compressed oops)
Heap:
 PSYoungGen      total 381952K, used 356027K [0x00000000e0000000, 0x00000000fb580000, 0x0000000100000000)
  eden space 356352K, 97% used [0x00000000e0000000,0x00000000f531e848,0x00000000f5c00000)
  from space 25600K, 34% used [0x00000000f5c00000,0x00000000f6490448,0x00000000f7500000)
  to   space 25088K, 0% used [0x00000000f9d00000,0x00000000f9d00000,0x00000000fb580000)
 ParOldGen       total 151552K, used 106322K [0x00000000a0000000, 0x00000000a9400000, 0x00000000e0000000)
  object space 151552K, 70% used [0x00000000a0000000,0x00000000a67d4b88,0x00000000a9400000)
 Metaspace       used 87912K, capacity 92244K, committed 92544K, reserved 1130496K
  class space    used 11238K, capacity 12112K, committed 12160K, reserved 1048576K
GC Heap History (10 events):
Event: 1851.006 GC heap before
{Heap before GC invocations=28 (full 3):
 PSYoungGen      total 288768K, used 279365K [0x00000000e0000000, 0x00000000f3b80000, 0x0000000100000000)
  eden space 264704K, 99% used [0x00000000e0000000,0x00000000f01e1630,0x00000000f0280000)
  from space 24064K, 63% used [0x00000000f2400000,0x00000000f32f01c8,0x00000000f3b80000)
  to   space 29184K, 0% used [0x00000000f0280000,0x00000000f0280000,0x00000000f1f00000)
 ParOldGen       total 151552K, used 86716K [0x00000000a0000000, 0x00000000a9400000, 0x00000000e0000000)
  object space 151552K, 57% used [0x00000000a0000000,0x00000000a54af230,0x00000000a9400000)
 Metaspace       used 85887K, capacity 89530K, committed 89856K, reserved 1126400K
  class space    used 11134K, capacity 11925K, committed 12032K, reserved 1048576K
Event: 1851.010 GC heap after
Heap after GC invocations=28 (full 3):
 PSYoungGen      total 293888K, used 96K [0x00000000e0000000, 0x00000000f7080000, 0x0000000100000000)
  eden space 264704K, 0% used [0x00000000e0000000,0x00000000e0000000,0x00000000f0280000)
  from space 29184K, 0% used [0x00000000f0280000,0x00000000f0298000,0x00000000f1f00000)
  to   space 29696K, 0% used [0x00000000f5380000,0x00000000f5380000,0x00000000f7080000)
 ParOldGen       total 151552K, used 98151K [0x00000000a0000000, 0x00000000a9400000, 0x00000000e0000000)
  object space 151552K, 64% used [0x00000000a0000000,0x00000000a5fd9e48,0x00000000a9400000)
 Metaspace       used 85887K, capacity 89530K, committed 89856K, reserved 1126400K
  class space    used 11134K, capacity 11925K, committed 12032K, reserved 1048576K
}
Event: 1935.768 GC heap before
{Heap before GC invocations=29 (full 3):
 PSYoungGen      total 293888K, used 264800K [0x00000000e0000000, 0x00000000f7080000, 0x0000000100000000)
  eden space 264704K, 100% used [0x00000000e0000000,0x00000000f0280000,0x00000000f0280000)
  from space 29184K, 0% used [0x00000000f0280000,0x00000000f0298000,0x00000000f1f00000)
  to   space 29696K, 0% used [0x00000000f5380000,0x00000000f5380000,0x00000000f7080000)
 ParOldGen       total 151552K, used 98151K [0x00000000a0000000, 0x00000000a9400000, 0x00000000e0000000)
  object space 151552K, 64% used [0x00000000a0000000,0x00000000a5fd9e48,0x00000000a9400000)
 Metaspace       used 86163K, capacity 89908K, committed 90112K, reserved 1128448K
  class space    used 11145K, capacity 11944K, committed 12032K, reserved 1048576K
Event: 1935.777 GC heap after
Heap after GC invocations=29 (full 3):
 PSYoungGen      total 334336K, used 11859K [0x00000000e0000000, 0x00000000f6880000, 0x0000000100000000)
  eden space 312832K, 0% used [0x00000000e0000000,0x00000000e0000000,0x00000000f3180000)
  from space 21504K, 55% used [0x00000000f5380000,0x00000000f5f14ca8,0x00000000f6880000)
  to   space 28160K, 0% used [0x00000000f3180000,0x00000000f3180000,0x00000000f4d00000)
 ParOldGen       total 151552K, used 98215K [0x00000000a0000000, 0x00000000a9400000, 0x00000000e0000000)
  object space 151552K, 64% used [0x00000000a0000000,0x00000000a5fe9e48,0x00000000a9400000)
 Metaspace       used 86163K, capacity 89908K, committed 90112K, reserved 1128448K
  class space    used 11145K, capacity 11944K, committed 12032K, reserved 1048576K
}
Event: 2006.539 GC heap before
{Heap before GC invocations=30 (full 3):
 PSYoungGen      total 334336K, used 324691K [0x00000000e0000000, 0x00000000f6880000, 0x0000000100000000)
  eden space 312832K, 100% used [0x00000000e0000000,0x00000000f3180000,0x00000000f3180000)
  from space 21504K, 55% used [0x00000000f5380000,0x00000000f5f14ca8,0x00000000f6880000)
  to   space 28160K, 0% used [0x00000000f3180000,0x00000000f3180000,0x00000000f4d00000)
 ParOldGen       total 151552K, used 98215K [0x00000000a0000000, 0x00000000a9400000, 0x00000000e0000000)
  object space 151552K, 64% used [0x00000000a0000000,0x00000000a5fe9e48,0x00000000a9400000)
 Metaspace       used 86611K, capacity 90326K, committed 90624K, reserved 1128448K
  class space    used 11154K, capacity 11959K, committed 12032K, reserved 1048576K
Event: 2006.584 GC heap after
Heap after GC invocations=30 (full 3):
 PSYoungGen      total 340992K, used 13756K [0x00000000e0000000, 0x00000000f9780000, 0x0000000100000000)
  eden space 312832K, 0% used [0x00000000e0000000,0x00000000e0000000,0x00000000f3180000)
  from space 28160K, 48% used [0x00000000f3180000,0x00000000f3eef3a0,0x00000000f4d00000)
  to   space 27136K, 0% used [0x00000000f7d00000,0x00000000f7d00000,0x00000000f9780000)
 ParOldGen       total 151552K, used 102462K [0x00000000a0000000, 0x00000000a9400000, 0x00000000e0000000)
  object space 151552K, 67% used [0x00000000a0000000,0x00000000a640f8a0,0x00000000a9400000)
 Metaspace       used 86611K, capacity 90326K, committed 90624K, reserved 1128448K
  class space    used 11154K, capacity 11959K, committed 12032K, reserved 1048576K
}
Event: 2214.215 GC heap before
{Heap before GC invocations=31 (full 3):
 PSYoungGen      total 340992K, used 326588K [0x00000000e0000000, 0x00000000f9780000, 0x0000000100000000)
  eden space 312832K, 100% used [0x00000000e0000000,0x00000000f3180000,0x00000000f3180000)
  from space 28160K, 48% used [0x00000000f3180000,0x00000000f3eef3a0,0x00000000f4d00000)
  to   space 27136K, 0% used [0x00000000f7d00000,0x00000000f7d00000,0x00000000f9780000)
 ParOldGen       total 151552K, used 102462K [0x00000000a0000000, 0x00000000a9400000, 0x00000000e0000000)
  object space 151552K, 67% used [0x00000000a0000000,0x00000000a640f8a0,0x00000000a9400000)
 Metaspace       used 87054K, capacity 90952K, committed 91136K, reserved 1128448K
  class space    used 11180K, capacity 12006K, committed 12032K, reserved 1048576K
Event: 2214.238 GC heap after
Heap after GC invocations=31 (full 3):
 PSYoungGen      total 373760K, used 10959K [0x00000000e0000000, 0x00000000f8e00000, 0x0000000100000000)
  eden space 356352K, 0% used [0x00000000e0000000,0x00000000e0000000,0x00000000f5c00000)
  from space 17408K, 62% used [0x00000000f7d00000,0x00000000f87b3ed0,0x00000000f8e00000)
  to   space 25600K, 0% used [0x00000000f5c00000,0x00000000f5c00000,0x00000000f7500000)
 ParOldGen       total 151552K, used 106314K [0x00000000a0000000, 0x00000000a9400000, 0x00000000e0000000)
  object space 151552K, 70% used [0x00000000a0000000,0x00000000a67d2b88,0x00000000a9400000)
 Metaspace       used 87054K, capacity 90952K, committed 91136K, reserved 1128448K
  class space    used 11180K, capacity 12006K, committed 12032K, reserved 1048576K
}
Event: 3453.829 GC heap before
{Heap before GC invocations=32 (full 3):
 PSYoungGen      total 373760K, used 367264K [0x00000000e0000000, 0x00000000f8e00000, 0x0000000100000000)
  eden space 356352K, 99% used [0x00000000e0000000,0x00000000f5bf4348,0x00000000f5c00000)
  from space 17408K, 62% used [0x00000000f7d00000,0x00000000f87b3ed0,0x00000000f8e00000)
  to   space 25600K, 0% used [0x00000000f5c00000,0x00000000f5c00000,0x00000000f7500000)
 ParOldGen       total 151552K, used 106314K [0x00000000a0000000, 0x00000000a9400000, 0x00000000e0000000)
  object space 151552K, 70% used [0x00000000a0000000,0x00000000a67d2b88,0x00000000a9400000)
 Metaspace       used 87501K, capacity 91570K, committed 91648K, reserved 1128448K
  class space    used 11189K, capacity 12023K, committed 12032K, reserved 1048576K
Event: 3453.885 GC heap after
Heap after GC invocations=32 (full 3):
 PSYoungGen      total 381952K, used 8769K [0x00000000e0000000, 0x00000000fb580000, 0x0000000100000000)
  eden space 356352K, 0% used [0x00000000e0000000,0x00000000e0000000,0x00000000f5c00000)
  from space 25600K, 34% used [0x00000000f5c00000,0x00000000f6490448,0x00000000f7500000)
  to   space 25088K, 0% used [0x00000000f9d00000,0x00000000f9d00000,0x00000000fb580000)
 ParOldGen       total 151552K, used 106322K [0x00000000a0000000, 0x00000000a9400000, 0x00000000e0000000)
  object space 151552K, 70% used [0x00000000a0000000,0x00000000a67d4b88,0x00000000a9400000)
 Metaspace       used 87501K, capacity 91570K, committed 91648K, reserved 1128448K
  class space    used 11189K, capacity 12023K, committed 12032K, reserved 1048576K
}

